Flow report for SP2_ACEX
Wed Jul 07 17:30:45 2021
Quartus II Version 9.0 Build 235 06/17/2009 Service Pack 2 SJ Web Edition


---------------------
; Table of Contents ;
---------------------
  1. Legal Notice
  2. Flow Summary
  3. Flow Settings
  4. Flow Non-Default Global Settings
  5. Flow Elapsed Time
  6. Flow OS Summary
  7. Flow Log



----------------
; Legal Notice ;
----------------
Copyright (C) 1991-2009 Altera Corporation
Your use of Altera Corporation's design tools, logic functions 
and other software and tools, and its AMPP partner logic 
functions, and any output files from any of the foregoing 
(including device programming or simulation files), and any 
associated documentation or information are expressly subject 
to the terms and conditions of the Altera Program License 
Subscription Agreement, Altera MegaCore Function License 
Agreement, or other applicable license agreement, including, 
without limitation, that your use is for the sole purpose of 
programming logic devices manufactured by Altera and sold by 
Altera or its authorized distributors.  Please refer to the 
applicable agreement for further details.



+------------------------------------------------------------------------+
; Flow Summary                                                           ;
+-------------------------+----------------------------------------------+
; Flow Status             ; Analyzed - Wed Jul 07 17:30:45 2021          ;
; Quartus II Version      ; 9.0 Build 235 06/17/2009 SP 2 SJ Web Edition ;
; Revision Name           ; SP2_ACEX                                     ;
; Top-level Entity Name   ; SP2_ACEX                                     ;
; Family                  ; ACEX1K                                       ;
; Device                  ; EP1K30QC208-3                                ;
; Timing Models           ; Final                                        ;
; Met timing requirements ; No                                           ;
; Total logic elements    ; 1,569 / 1,728 ( 91 % )                       ;
; Total pins              ; 147 / 147 ( 100 % )                          ;
; Total memory bits       ; 14,080 / 24,576 ( 57 % )                     ;
; Total PLLs              ; 0                                            ;
+-------------------------+----------------------------------------------+


+-----------------------------------------+
; Flow Settings                           ;
+-------------------+---------------------+
; Option            ; Setting             ;
+-------------------+---------------------+
; Start date & time ; 07/07/2021 17:29:48 ;
; Main task         ; Compilation         ;
; Revision Name     ; SP2_ACEX            ;
+-------------------+---------------------+


+-----------------------------------------------------------------------------------------------------------------------------------------------------------------+
; Flow Non-Default Global Settings                                                                                                                                ;
+----------------------------------+-------------------------------------------------------------------------+---------------+-------------+----------------------+
; Assignment Name                  ; Value                                                                   ; Default Value ; Entity Name ; Section Id           ;
+----------------------------------+-------------------------------------------------------------------------+---------------+-------------+----------------------+
; BLOCK_DESIGN_NAMING              ; QuartusII                                                               ; Auto          ; --          ; --                   ;
; COMPILER_SIGNATURE_ID            ; 8796760390705.162566818800840                                           ; --            ; --          ; --                   ;
; CUT_OFF_READ_DURING_WRITE_PATHS  ; Off                                                                     ; On            ; --          ; --                   ;
; EDA_INPUT_GND_NAME               ; Gnd                                                                     ; --            ; --          ; eda_design_synthesis ;
; EDA_INPUT_VCC_NAME               ; Vcc                                                                     ; --            ; --          ; eda_design_synthesis ;
; EDA_SHOW_LMF_MAPPING_MESSAGES    ; Off                                                                     ; --            ; --          ; eda_design_synthesis ;
; ENABLE_DRC_SETTINGS              ; On                                                                      ; Off           ; --          ; --                   ;
; ENABLE_RECOVERY_REMOVAL_ANALYSIS ; On                                                                      ; Off           ; --          ; --                   ;
; EXCLUDE_TPD_PATHS_LESS_THAN      ; 0 ns                                                                    ; --            ; --          ; --                   ;
; FLEX10K_OPTIMIZATION_TECHNIQUE   ; Speed                                                                   ; Area          ; --          ; --                   ;
; FLOW_ENABLE_RTL_VIEWER           ; On                                                                      ; Off           ; --          ; --                   ;
; FMAX_REQUIREMENT                 ; 100 MHz                                                                 ; --            ; --          ; --                   ;
; MISC_FILE                        ; C:/Users/Administrator/Desktop/Sputnik2k/newhard/hard/ACEX/SP2_ACEX.dpf ; --            ; --          ; --                   ;
; SMART_RECOMPILE                  ; On                                                                      ; Off           ; --          ; --                   ;
+----------------------------------+-------------------------------------------------------------------------+---------------+-------------+----------------------+


+-----------------------------------------------------------------------------------------------------------------------------+
; Flow Elapsed Time                                                                                                           ;
+-------------------------+--------------+-------------------------+---------------------+------------------------------------+
; Module Name             ; Elapsed Time ; Average Processors Used ; Peak Virtual Memory ; Total CPU Time (on all processors) ;
+-------------------------+--------------+-------------------------+---------------------+------------------------------------+
; Analysis & Synthesis    ; 00:00:04     ; 1.0                     ; 280 MB              ; 00:00:04                           ;
; Fitter                  ; 00:00:43     ; 1.0                     ; 267 MB              ; 00:00:43                           ;
; Assembler               ; 00:00:01     ; 1.0                     ; 245 MB              ; 00:00:00                           ;
; Classic Timing Analyzer ; 00:00:01     ; 1.0                     ; 220 MB              ; 00:00:01                           ;
; Design Assistant        ; 00:00:02     ; 1.0                     ; 201 MB              ; 00:00:02                           ;
; Total                   ; 00:00:51     ; --                      ; --                  ; 00:00:50                           ;
+-------------------------+--------------+-------------------------+---------------------+------------------------------------+


+------------------------------------------------------------------------------------------+
; Flow OS Summary                                                                          ;
+-------------------------+------------------+---------------+------------+----------------+
; Module Name             ; Machine Hostname ; OS Name       ; OS Version ; Processor type ;
+-------------------------+------------------+---------------+------------+----------------+
; Analysis & Synthesis    ; WIN-UAL6PL9JIV5  ; Windows Vista ; 6.0        ; x86_64         ;
; Fitter                  ; WIN-UAL6PL9JIV5  ; Windows Vista ; 6.0        ; x86_64         ;
; Assembler               ; WIN-UAL6PL9JIV5  ; Windows Vista ; 6.0        ; x86_64         ;
; Classic Timing Analyzer ; WIN-UAL6PL9JIV5  ; Windows Vista ; 6.0        ; x86_64         ;
; Design Assistant        ; WIN-UAL6PL9JIV5  ; Windows Vista ; 6.0        ; x86_64         ;
+-------------------------+------------------+---------------+------------+----------------+


------------
; Flow Log ;
------------
quartus_map --read_settings_files=on --write_settings_files=off SP2_ACEX -c SP2_ACEX
quartus_fit --read_settings_files=off --write_settings_files=off SP2_ACEX -c SP2_ACEX
quartus_asm --read_settings_files=off --write_settings_files=off SP2_ACEX -c SP2_ACEX
quartus_tan --read_settings_files=off --write_settings_files=off SP2_ACEX -c SP2_ACEX
quartus_drc --read_settings_files=off --write_settings_files=off SP2_ACEX -c SP2_ACEX



