Assembler report for SP2_ACEX
Wed Jul 07 17:30:40 2021
Quartus II Version 9.0 Build 235 06/17/2009 Service Pack 2 SJ Web Edition


---------------------
; Table of Contents ;
---------------------
  1. Legal Notice
  2. Assembler Summary
  3. Assembler Settings
  4. Assembler Generated Files
  5. Assembler Device Options: C:/Users/Administrator/Desktop/Sputnik2k/newhard/hard/ACEX/SP2_ACEX.sof
  6. Assembler Device Options: C:/Users/Administrator/Desktop/Sputnik2k/newhard/hard/ACEX/SP2_ACEX.pof
  7. Assembler Messages



----------------
; Legal Notice ;
----------------
Copyright (C) 1991-2009 Altera Corporation
Your use of Altera Corporation's design tools, logic functions 
and other software and tools, and its AMPP partner logic 
functions, and any output files from any of the foregoing 
(including device programming or simulation files), and any 
associated documentation or information are expressly subject 
to the terms and conditions of the Altera Program License 
Subscription Agreement, Altera MegaCore Function License 
Agreement, or other applicable license agreement, including, 
without limitation, that your use is for the sole purpose of 
programming logic devices manufactured by Altera and sold by 
Altera or its authorized distributors.  Please refer to the 
applicable agreement for further details.



+---------------------------------------------------------------+
; Assembler Summary                                             ;
+-----------------------+---------------------------------------+
; Assembler Status      ; Successful - Wed Jul 07 17:30:40 2021 ;
; Revision Name         ; SP2_ACEX                              ;
; Top-level Entity Name ; SP2_ACEX                              ;
; Family                ; ACEX1K                                ;
; Device                ; EP1K30QC208-3                         ;
+-----------------------+---------------------------------------+


+--------------------------------------------------------------------------------------------------------+
; Assembler Settings                                                                                     ;
+-----------------------------------------------------------------------------+----------+---------------+
; Option                                                                      ; Setting  ; Default Value ;
+-----------------------------------------------------------------------------+----------+---------------+
; Use smart compilation                                                       ; On       ; Off           ;
; Low-voltage mode                                                            ; Off      ; On            ;
; Generate Tabular Text File (.ttf) For Target Device                         ; On       ; Off           ;
; Release clears before tri-states                                            ; On       ; Off           ;
; Compression mode                                                            ; Off      ; Off           ;
; Clock source for configuration device                                       ; Internal ; Internal      ;
; Clock frequency of the configuration device                                 ; 10 MHZ   ; 10 MHz        ;
; Divide clock frequency by                                                   ; 1        ; 1             ;
; Auto user code                                                              ; Off      ; Off           ;
; Use configuration device                                                    ; On       ; On            ;
; Configuration device                                                        ; Auto     ; Auto          ;
; Configuration device auto user code                                         ; Off      ; Off           ;
; Auto-increment JTAG user code for multiple configuration devices            ; On       ; On            ;
; Disable CONF_DONE and nSTATUS pull-ups on configuration device              ; Off      ; Off           ;
; Generate Raw Binary File (.rbf) For Target Device                           ; Off      ; Off           ;
; Generate Hexadecimal (Intel-Format) Output File (.hexout) for Target Device ; Off      ; Off           ;
; Hexadecimal Output File start address                                       ; 0        ; 0             ;
; Hexadecimal Output File count direction                                     ; Up       ; Up            ;
; Auto-restart configuration after error                                      ; On       ; On            ;
; Generate Serial Vector Format File (.svf) for Target Device                 ; Off      ; Off           ;
; Generate a JEDEC STAPL Format File (.jam) for Target Device                 ; Off      ; Off           ;
; Generate a compressed Jam STAPL Byte Code 2.0 File (.jbc) for Target Device ; Off      ; Off           ;
; Generate a compressed Jam STAPL Byte Code 2.0 File (.jbc) for Target Device ; On       ; On            ;
+-----------------------------------------------------------------------------+----------+---------------+


+-------------------------------------------------------------------------+
; Assembler Generated Files                                               ;
+-------------------------------------------------------------------------+
; File Name                                                               ;
+-------------------------------------------------------------------------+
; C:/Users/Administrator/Desktop/Sputnik2k/newhard/hard/ACEX/SP2_ACEX.sof ;
; C:/Users/Administrator/Desktop/Sputnik2k/newhard/hard/ACEX/SP2_ACEX.pof ;
; C:/Users/Administrator/Desktop/Sputnik2k/newhard/hard/ACEX/SP2_ACEX.ttf ;
+-------------------------------------------------------------------------+


+---------------------------------------------------------------------------------------------------+
; Assembler Device Options: C:/Users/Administrator/Desktop/Sputnik2k/newhard/hard/ACEX/SP2_ACEX.sof ;
+----------------+----------------------------------------------------------------------------------+
; Option         ; Setting                                                                          ;
+----------------+----------------------------------------------------------------------------------+
; Device         ; EP1K30QC208-3                                                                    ;
; JTAG usercode  ; 0x0000007F                                                                       ;
; Checksum       ; 0x0011E062                                                                       ;
+----------------+----------------------------------------------------------------------------------+


+---------------------------------------------------------------------------------------------------+
; Assembler Device Options: C:/Users/Administrator/Desktop/Sputnik2k/newhard/hard/ACEX/SP2_ACEX.pof ;
+--------------------+------------------------------------------------------------------------------+
; Option             ; Setting                                                                      ;
+--------------------+------------------------------------------------------------------------------+
; Device             ; EPC2                                                                         ;
; JTAG usercode      ; 0x00000000                                                                   ;
; Checksum           ; 0x02694D37                                                                   ;
; Compression Ratio  ; 1                                                                            ;
+--------------------+------------------------------------------------------------------------------+


+--------------------+
; Assembler Messages ;
+--------------------+
Info: *******************************************************************
Info: Running Quartus II Assembler
    Info: Version 9.0 Build 235 06/17/2009 Service Pack 2 SJ Web Edition
    Info: Processing started: Wed Jul 07 17:30:39 2021
Info: Command: quartus_asm --read_settings_files=off --write_settings_files=off SP2_ACEX -c SP2_ACEX
Info: Assembler is generating device programming files
Info: Quartus II Assembler was successful. 0 errors, 0 warnings
    Info: Peak virtual memory: 245 megabytes
    Info: Processing ended: Wed Jul 07 17:30:40 2021
    Info: Elapsed time: 00:00:01
    Info: Total CPU time (on all processors): 00:00:01


